2025-09-06 13:22:27.277 [main] [] [] INFO  c.e.S.s._.SpringSecurityJwtApplication - Starting SpringSecurityJwtApplication using Java 23 with PID 2924 (C:\Users\User\Desktop\Мои проекты\Spring-security_JWT\target\classes started by User in C:\Users\User\Desktop\Мои проекты\Spring-security_JWT)
2025-09-06 13:22:27.283 [main] [] [] INFO  c.e.S.s._.SpringSecurityJwtApplication - No active profile set, falling back to 1 default profile: "default"
2025-09-06 13:22:29.148 [main] [] [] INFO  o.s.d.r.c.RepositoryConfigurationDelegate - Bootstrapping Spring Data JPA repositories in DEFAULT mode.
2025-09-06 13:22:29.252 [main] [] [] INFO  o.s.d.r.c.RepositoryConfigurationDelegate - Finished Spring Data repository scanning in 87 ms. Found 2 JPA repository interfaces.
2025-09-06 13:22:30.129 [main] [] [] INFO  o.s.b.w.e.tomcat.TomcatWebServer - Tomcat initialized with port 8443 (https)
2025-09-06 13:22:30.149 [main] [] [] INFO  o.a.catalina.core.StandardService - Starting service [Tomcat]
2025-09-06 13:22:30.150 [main] [] [] INFO  o.a.catalina.core.StandardEngine - Starting Servlet engine: [Apache Tomcat/10.1.44]
2025-09-06 13:22:30.214 [main] [] [] INFO  o.a.c.c.C.[Tomcat].[localhost].[/] - Initializing Spring embedded WebApplicationContext
2025-09-06 13:22:30.214 [main] [] [] INFO  o.s.b.w.s.c.ServletWebServerApplicationContext - Root WebApplicationContext: initialization completed in 2790 ms
2025-09-06 13:22:30.392 [main] [] [] INFO  o.h.jpa.internal.util.LogHelper - HHH000204: Processing PersistenceUnitInfo [name: default]
2025-09-06 13:22:30.484 [main] [] [] INFO  org.hibernate.Version - HHH000412: Hibernate ORM core version 6.6.26.Final
2025-09-06 13:22:30.535 [main] [] [] INFO  o.h.c.i.RegionFactoryInitiator - HHH000026: Second-level cache disabled
2025-09-06 13:22:30.920 [main] [] [] INFO  o.s.o.j.p.SpringPersistenceUnitInfo - No LoadTimeWeaver setup: ignoring JPA class transformer
2025-09-06 13:22:30.959 [main] [] [] INFO  com.zaxxer.hikari.HikariDataSource - HikariPool-1 - Starting...
2025-09-06 13:22:31.154 [main] [] [] INFO  com.zaxxer.hikari.pool.HikariPool - HikariPool-1 - Added connection org.postgresql.jdbc.PgConnection@1ba35152
2025-09-06 13:22:31.156 [main] [] [] INFO  com.zaxxer.hikari.HikariDataSource - HikariPool-1 - Start completed.
2025-09-06 13:22:31.213 [main] [] [] WARN  org.hibernate.orm.deprecation - HHH90000025: PostgreSQLDialect does not need to be specified explicitly using 'hibernate.dialect' (remove the property setting and it will be selected by default)
2025-09-06 13:22:31.239 [main] [] [] INFO  o.hibernate.orm.connections.pooling - HHH10001005: Database info:
	Database JDBC URL [Connecting through datasource 'HikariDataSource (HikariPool-1)']
	Database driver: undefined/unknown
	Database version: 16.4
	Autocommit mode: undefined/unknown
	Isolation level: undefined/unknown
	Minimum pool size: undefined/unknown
	Maximum pool size: undefined/unknown
2025-09-06 13:22:32.476 [main] [] [] INFO  o.h.e.t.j.p.i.JtaPlatformInitiator - HHH000489: No JTA platform available (set 'hibernate.transaction.jta.platform' to enable JTA platform integration)
2025-09-06 13:22:32.693 [main] [] [] INFO  o.s.o.j.LocalContainerEntityManagerFactoryBean - Initialized JPA EntityManagerFactory for persistence unit 'default'
2025-09-06 13:22:33.052 [main] [] [] INFO  o.s.d.j.r.query.QueryEnhancerFactory - Hibernate is in classpath; If applicable, HQL parser will be used.
2025-09-06 13:22:33.469 [main] [] [] ERROR o.s.b.w.e.tomcat.TomcatStarter - Error starting Tomcat context. Exception: org.springframework.beans.factory.UnsatisfiedDependencyException. Message: Error creating bean with name 'jwtAuthenticationFilter' defined in file [C:\Users\User\Desktop\Мои проекты\Spring-security_JWT\target\classes\com\example\Spring\security\_JWT\config\JwtAuthenticationFilter.class]: Unsatisfied dependency expressed through constructor parameter 0: Error creating bean with name 'JWTUtils' defined in file [C:\Users\User\Desktop\Мои проекты\Spring-security_JWT\target\classes\com\example\Spring\security\_JWT\utils\JWTUtils.class]: Unsatisfied dependency expressed through constructor parameter 0: Error creating bean with name 'refreshTokenService' defined in file [C:\Users\User\Desktop\Мои проекты\Spring-security_JWT\target\classes\com\example\Spring\security\_JWT\service\RefreshTokenService.class]: Unsatisfied dependency expressed through constructor parameter 0: Error creating bean with name 'refreshTokenRepository' defined in com.example.Spring.security._JWT.repository.RefreshTokenRepository defined in @EnableJpaRepositories declared on JpaRepositoriesRegistrar.EnableJpaRepositoriesConfiguration: Could not create query for public abstract java.util.Optional com.example.Spring.security._JWT.repository.RefreshTokenRepository.findByUser(com.example.Spring.security._JWT.model.User); Reason: Failed to create query for method public abstract java.util.Optional com.example.Spring.security._JWT.repository.RefreshTokenRepository.findByUser(com.example.Spring.security._JWT.model.User); No property 'user' found for type 'RefreshToken'; Did you mean 'userId'
2025-09-06 13:22:33.499 [main] [] [] INFO  o.a.catalina.core.StandardService - Stopping service [Tomcat]
2025-09-06 13:22:33.502 [main] [] [] WARN  o.a.c.loader.WebappClassLoaderBase - The web application [ROOT] appears to have started a thread named [HikariPool-1:housekeeper] but has failed to stop it. This is very likely to create a memory leak. Stack trace of thread:
 java.base/jdk.internal.misc.Unsafe.park(Native Method)
 java.base/java.util.concurrent.locks.LockSupport.parkNanos(LockSupport.java:269)
 java.base/java.util.concurrent.locks.AbstractQueuedSynchronizer$ConditionObject.awaitNanos(AbstractQueuedSynchronizer.java:1763)
 java.base/java.util.concurrent.ScheduledThreadPoolExecutor$DelayedWorkQueue.take(ScheduledThreadPoolExecutor.java:1182)
 java.base/java.util.concurrent.ScheduledThreadPoolExecutor$DelayedWorkQueue.take(ScheduledThreadPoolExecutor.java:899)
 java.base/java.util.concurrent.ThreadPoolExecutor.getTask(ThreadPoolExecutor.java:1070)
 java.base/java.util.concurrent.ThreadPoolExecutor.runWorker(ThreadPoolExecutor.java:1130)
 java.base/java.util.concurrent.ThreadPoolExecutor$Worker.run(ThreadPoolExecutor.java:642)
 java.base/java.lang.Thread.run(Thread.java:1575)
2025-09-06 13:22:33.502 [main] [] [] WARN  o.a.c.loader.WebappClassLoaderBase - The web application [ROOT] appears to have started a thread named [HikariPool-1:connection-adder] but has failed to stop it. This is very likely to create a memory leak. Stack trace of thread:
 java.base/jdk.internal.misc.Unsafe.park(Native Method)
 java.base/java.util.concurrent.locks.LockSupport.parkNanos(LockSupport.java:269)
 java.base/java.util.concurrent.locks.AbstractQueuedSynchronizer$ConditionObject.awaitNanos(AbstractQueuedSynchronizer.java:1763)
 java.base/java.util.concurrent.LinkedBlockingQueue.poll(LinkedBlockingQueue.java:460)
 java.base/java.util.concurrent.ThreadPoolExecutor.getTask(ThreadPoolExecutor.java:1069)
 java.base/java.util.concurrent.ThreadPoolExecutor.runWorker(ThreadPoolExecutor.java:1130)
 java.base/java.util.concurrent.ThreadPoolExecutor$Worker.run(ThreadPoolExecutor.java:642)
 java.base/java.lang.Thread.run(Thread.java:1575)
2025-09-06 13:22:33.505 [main] [] [] WARN  o.s.b.w.s.c.AnnotationConfigServletWebServerApplicationContext - Exception encountered during context initialization - cancelling refresh attempt: org.springframework.context.ApplicationContextException: Unable to start web server
2025-09-06 13:22:33.506 [main] [] [] INFO  o.s.o.j.LocalContainerEntityManagerFactoryBean - Closing JPA EntityManagerFactory for persistence unit 'default'
2025-09-06 13:22:33.510 [main] [] [] INFO  com.zaxxer.hikari.HikariDataSource - HikariPool-1 - Shutdown initiated...
2025-09-06 13:22:33.526 [main] [] [] INFO  com.zaxxer.hikari.HikariDataSource - HikariPool-1 - Shutdown completed.
2025-09-06 13:22:33.533 [main] [] [] INFO  o.s.b.a.l.ConditionEvaluationReportLogger - 

Error starting ApplicationContext. To display the condition evaluation report re-run your application with 'debug' enabled.
2025-09-06 13:22:33.552 [main] [] [] ERROR o.s.boot.SpringApplication - Application run failed
org.springframework.context.ApplicationContextException: Unable to start web server
	at org.springframework.boot.web.servlet.context.ServletWebServerApplicationContext.onRefresh(ServletWebServerApplicationContext.java:170)
	at org.springframework.context.support.AbstractApplicationContext.refresh(AbstractApplicationContext.java:621)
	at org.springframework.boot.web.servlet.context.ServletWebServerApplicationContext.refresh(ServletWebServerApplicationContext.java:146)
	at org.springframework.boot.SpringApplication.refresh(SpringApplication.java:752)
	at org.springframework.boot.SpringApplication.refreshContext(SpringApplication.java:439)
	at org.springframework.boot.SpringApplication.run(SpringApplication.java:318)
	at org.springframework.boot.SpringApplication.run(SpringApplication.java:1361)
	at org.springframework.boot.SpringApplication.run(SpringApplication.java:1350)
	at com.example.Spring.security._JWT.SpringSecurityJwtApplication.main(SpringSecurityJwtApplication.java:10)
Caused by: org.springframework.boot.web.server.WebServerException: Unable to start embedded Tomcat
	at org.springframework.boot.web.embedded.tomcat.TomcatWebServer.initialize(TomcatWebServer.java:147)
	at org.springframework.boot.web.embedded.tomcat.TomcatWebServer.<init>(TomcatWebServer.java:107)
	at org.springframework.boot.web.embedded.tomcat.TomcatServletWebServerFactory.getTomcatWebServer(TomcatServletWebServerFactory.java:517)
	at org.springframework.boot.web.embedded.tomcat.TomcatServletWebServerFactory.getWebServer(TomcatServletWebServerFactory.java:219)
	at org.springframework.boot.web.servlet.context.ServletWebServerApplicationContext.createWebServer(ServletWebServerApplicationContext.java:193)
	at org.springframework.boot.web.servlet.context.ServletWebServerApplicationContext.onRefresh(ServletWebServerApplicationContext.java:167)
	... 8 common frames omitted
Caused by: org.springframework.beans.factory.UnsatisfiedDependencyException: Error creating bean with name 'jwtAuthenticationFilter' defined in file [C:\Users\User\Desktop\Мои проекты\Spring-security_JWT\target\classes\com\example\Spring\security\_JWT\config\JwtAuthenticationFilter.class]: Unsatisfied dependency expressed through constructor parameter 0: Error creating bean with name 'JWTUtils' defined in file [C:\Users\User\Desktop\Мои проекты\Spring-security_JWT\target\classes\com\example\Spring\security\_JWT\utils\JWTUtils.class]: Unsatisfied dependency expressed through constructor parameter 0: Error creating bean with name 'refreshTokenService' defined in file [C:\Users\User\Desktop\Мои проекты\Spring-security_JWT\target\classes\com\example\Spring\security\_JWT\service\RefreshTokenService.class]: Unsatisfied dependency expressed through constructor parameter 0: Error creating bean with name 'refreshTokenRepository' defined in com.example.Spring.security._JWT.repository.RefreshTokenRepository defined in @EnableJpaRepositories declared on JpaRepositoriesRegistrar.EnableJpaRepositoriesConfiguration: Could not create query for public abstract java.util.Optional com.example.Spring.security._JWT.repository.RefreshTokenRepository.findByUser(com.example.Spring.security._JWT.model.User); Reason: Failed to create query for method public abstract java.util.Optional com.example.Spring.security._JWT.repository.RefreshTokenRepository.findByUser(com.example.Spring.security._JWT.model.User); No property 'user' found for type 'RefreshToken'; Did you mean 'userId'
	at org.springframework.beans.factory.support.ConstructorResolver.createArgumentArray(ConstructorResolver.java:804)
	at org.springframework.beans.factory.support.ConstructorResolver.autowireConstructor(ConstructorResolver.java:240)
	at org.springframework.beans.factory.support.AbstractAutowireCapableBeanFactory.autowireConstructor(AbstractAutowireCapableBeanFactory.java:1395)
	at org.springframework.beans.factory.support.AbstractAutowireCapableBeanFactory.createBeanInstance(AbstractAutowireCapableBeanFactory.java:1232)
	at org.springframework.beans.factory.support.AbstractAutowireCapableBeanFactory.doCreateBean(AbstractAutowireCapableBeanFactory.java:569)
	at org.springframework.beans.factory.support.AbstractAutowireCapableBeanFactory.createBean(AbstractAutowireCapableBeanFactory.java:529)
	at org.springframework.beans.factory.support.AbstractBeanFactory.lambda$doGetBean$0(AbstractBeanFactory.java:339)
	at org.springframework.beans.factory.support.DefaultSingletonBeanRegistry.getSingleton(DefaultSingletonBeanRegistry.java:373)
	at org.springframework.beans.factory.support.AbstractBeanFactory.doGetBean(AbstractBeanFactory.java:337)
	at org.springframework.beans.factory.support.AbstractBeanFactory.getBean(AbstractBeanFactory.java:207)
	at org.springframework.boot.web.servlet.ServletContextInitializerBeans.getOrderedBeansOfType(ServletContextInitializerBeans.java:230)
	at org.springframework.boot.web.servlet.ServletContextInitializerBeans.addAsRegistrationBean(ServletContextInitializerBeans.java:184)
	at org.springframework.boot.web.servlet.ServletContextInitializerBeans.addAsRegistrationBean(ServletContextInitializerBeans.java:179)
	at org.springframework.boot.web.servlet.ServletContextInitializerBeans.addAdaptableBeans(ServletContextInitializerBeans.java:164)
	at org.springframework.boot.web.servlet.ServletContextInitializerBeans.<init>(ServletContextInitializerBeans.java:96)
	at org.springframework.boot.web.servlet.context.ServletWebServerApplicationContext.getServletContextInitializerBeans(ServletWebServerApplicationContext.java:271)
	at org.springframework.boot.web.servlet.context.ServletWebServerApplicationContext.selfInitialize(ServletWebServerApplicationContext.java:245)
	at org.springframework.boot.web.embedded.tomcat.TomcatStarter.onStartup(TomcatStarter.java:52)
	at org.apache.catalina.core.StandardContext.startInternal(StandardContext.java:4464)
	at org.apache.catalina.util.LifecycleBase.start(LifecycleBase.java:164)
	at org.apache.catalina.core.ContainerBase$StartChild.call(ContainerBase.java:1203)
	at org.apache.catalina.core.ContainerBase$StartChild.call(ContainerBase.java:1193)
	at java.base/java.util.concurrent.FutureTask.run(FutureTask.java:317)
	at org.apache.tomcat.util.threads.InlineExecutorService.execute(InlineExecutorService.java:75)
	at java.base/java.util.concurrent.AbstractExecutorService.submit(AbstractExecutorService.java:148)
	at org.apache.catalina.core.ContainerBase.startInternal(ContainerBase.java:749)
	at org.apache.catalina.core.StandardHost.startInternal(StandardHost.java:772)
	at org.apache.catalina.util.LifecycleBase.start(LifecycleBase.java:164)
	at org.apache.catalina.core.ContainerBase$StartChild.call(ContainerBase.java:1203)
	at org.apache.catalina.core.ContainerBase$StartChild.call(ContainerBase.java:1193)
	at java.base/java.util.concurrent.FutureTask.run(FutureTask.java:317)
	at org.apache.tomcat.util.threads.InlineExecutorService.execute(InlineExecutorService.java:75)
	at java.base/java.util.concurrent.AbstractExecutorService.submit(AbstractExecutorService.java:148)
	at org.apache.catalina.core.ContainerBase.startInternal(ContainerBase.java:749)
	at org.apache.catalina.core.StandardEngine.startInternal(StandardEngine.java:203)
	at org.apache.catalina.util.LifecycleBase.start(LifecycleBase.java:164)
	at org.apache.catalina.core.StandardService.startInternal(StandardService.java:412)
	at org.apache.catalina.util.LifecycleBase.start(LifecycleBase.java:164)
	at org.apache.catalina.core.StandardServer.startInternal(StandardServer.java:870)
	at org.apache.catalina.util.LifecycleBase.start(LifecycleBase.java:164)
	at org.apache.catalina.startup.Tomcat.start(Tomcat.java:438)
	at org.springframework.boot.web.embedded.tomcat.TomcatWebServer.initialize(TomcatWebServer.java:128)
	... 13 common frames omitted
Caused by: org.springframework.beans.factory.UnsatisfiedDependencyException: Error creating bean with name 'JWTUtils' defined in file [C:\Users\User\Desktop\Мои проекты\Spring-security_JWT\target\classes\com\example\Spring\security\_JWT\utils\JWTUtils.class]: Unsatisfied dependency expressed through constructor parameter 0: Error creating bean with name 'refreshTokenService' defined in file [C:\Users\User\Desktop\Мои проекты\Spring-security_JWT\target\classes\com\example\Spring\security\_JWT\service\RefreshTokenService.class]: Unsatisfied dependency expressed through constructor parameter 0: Error creating bean with name 'refreshTokenRepository' defined in com.example.Spring.security._JWT.repository.RefreshTokenRepository defined in @EnableJpaRepositories declared on JpaRepositoriesRegistrar.EnableJpaRepositoriesConfiguration: Could not create query for public abstract java.util.Optional com.example.Spring.security._JWT.repository.RefreshTokenRepository.findByUser(com.example.Spring.security._JWT.model.User); Reason: Failed to create query for method public abstract java.util.Optional com.example.Spring.security._JWT.repository.RefreshTokenRepository.findByUser(com.example.Spring.security._JWT.model.User); No property 'user' found for type 'RefreshToken'; Did you mean 'userId'
	at org.springframework.beans.factory.support.ConstructorResolver.createArgumentArray(ConstructorResolver.java:804)
	at org.springframework.beans.factory.support.ConstructorResolver.autowireConstructor(ConstructorResolver.java:240)
	at org.springframework.beans.factory.support.AbstractAutowireCapableBeanFactory.autowireConstructor(AbstractAutowireCapableBeanFactory.java:1395)
	at org.springframework.beans.factory.support.AbstractAutowireCapableBeanFactory.createBeanInstance(AbstractAutowireCapableBeanFactory.java:1232)
	at org.springframework.beans.factory.support.AbstractAutowireCapableBeanFactory.doCreateBean(AbstractAutowireCapableBeanFactory.java:569)
	at org.springframework.beans.factory.support.AbstractAutowireCapableBeanFactory.createBean(AbstractAutowireCapableBeanFactory.java:529)
	at org.springframework.beans.factory.support.AbstractBeanFactory.lambda$doGetBean$0(AbstractBeanFactory.java:339)
	at org.springframework.beans.factory.support.DefaultSingletonBeanRegistry.getSingleton(DefaultSingletonBeanRegistry.java:373)
	at org.springframework.beans.factory.support.AbstractBeanFactory.doGetBean(AbstractBeanFactory.java:337)
	at org.springframework.beans.factory.support.AbstractBeanFactory.getBean(AbstractBeanFactory.java:202)
	at org.springframework.beans.factory.config.DependencyDescriptor.resolveCandidate(DependencyDescriptor.java:254)
	at org.springframework.beans.factory.support.DefaultListableBeanFactory.doResolveDependency(DefaultListableBeanFactory.java:1752)
	at org.springframework.beans.factory.support.DefaultListableBeanFactory.resolveDependency(DefaultListableBeanFactory.java:1635)
	at org.springframework.beans.factory.support.ConstructorResolver.resolveAutowiredArgument(ConstructorResolver.java:913)
	at org.springframework.beans.factory.support.ConstructorResolver.createArgumentArray(ConstructorResolver.java:791)
	... 54 common frames omitted
Caused by: org.springframework.beans.factory.UnsatisfiedDependencyException: Error creating bean with name 'refreshTokenService' defined in file [C:\Users\User\Desktop\Мои проекты\Spring-security_JWT\target\classes\com\example\Spring\security\_JWT\service\RefreshTokenService.class]: Unsatisfied dependency expressed through constructor parameter 0: Error creating bean with name 'refreshTokenRepository' defined in com.example.Spring.security._JWT.repository.RefreshTokenRepository defined in @EnableJpaRepositories declared on JpaRepositoriesRegistrar.EnableJpaRepositoriesConfiguration: Could not create query for public abstract java.util.Optional com.example.Spring.security._JWT.repository.RefreshTokenRepository.findByUser(com.example.Spring.security._JWT.model.User); Reason: Failed to create query for method public abstract java.util.Optional com.example.Spring.security._JWT.repository.RefreshTokenRepository.findByUser(com.example.Spring.security._JWT.model.User); No property 'user' found for type 'RefreshToken'; Did you mean 'userId'
	at org.springframework.beans.factory.support.ConstructorResolver.createArgumentArray(ConstructorResolver.java:804)
	at org.springframework.beans.factory.support.ConstructorResolver.autowireConstructor(ConstructorResolver.java:240)
	at org.springframework.beans.factory.support.AbstractAutowireCapableBeanFactory.autowireConstructor(AbstractAutowireCapableBeanFactory.java:1395)
	at org.springframework.beans.factory.support.AbstractAutowireCapableBeanFactory.createBeanInstance(AbstractAutowireCapableBeanFactory.java:1232)
	at org.springframework.beans.factory.support.AbstractAutowireCapableBeanFactory.doCreateBean(AbstractAutowireCapableBeanFactory.java:569)
	at org.springframework.beans.factory.support.AbstractAutowireCapableBeanFactory.createBean(AbstractAutowireCapableBeanFactory.java:529)
	at org.springframework.beans.factory.support.AbstractBeanFactory.lambda$doGetBean$0(AbstractBeanFactory.java:339)
	at org.springframework.beans.factory.support.DefaultSingletonBeanRegistry.getSingleton(DefaultSingletonBeanRegistry.java:373)
	at org.springframework.beans.factory.support.AbstractBeanFactory.doGetBean(AbstractBeanFactory.java:337)
	at org.springframework.beans.factory.support.AbstractBeanFactory.getBean(AbstractBeanFactory.java:202)
	at org.springframework.beans.factory.support.DefaultListableBeanFactory.doResolveDependency(DefaultListableBeanFactory.java:1690)
	at org.springframework.beans.factory.support.DefaultListableBeanFactory.resolveDependency(DefaultListableBeanFactory.java:1635)
	at org.springframework.beans.factory.support.ConstructorResolver.resolveAutowiredArgument(ConstructorResolver.java:913)
	at org.springframework.beans.factory.support.ConstructorResolver.createArgumentArray(ConstructorResolver.java:791)
	... 68 common frames omitted
Caused by: org.springframework.beans.factory.BeanCreationException: Error creating bean with name 'refreshTokenRepository' defined in com.example.Spring.security._JWT.repository.RefreshTokenRepository defined in @EnableJpaRepositories declared on JpaRepositoriesRegistrar.EnableJpaRepositoriesConfiguration: Could not create query for public abstract java.util.Optional com.example.Spring.security._JWT.repository.RefreshTokenRepository.findByUser(com.example.Spring.security._JWT.model.User); Reason: Failed to create query for method public abstract java.util.Optional com.example.Spring.security._JWT.repository.RefreshTokenRepository.findByUser(com.example.Spring.security._JWT.model.User); No property 'user' found for type 'RefreshToken'; Did you mean 'userId'
	at org.springframework.beans.factory.support.AbstractAutowireCapableBeanFactory.initializeBean(AbstractAutowireCapableBeanFactory.java:1826)
	at org.springframework.beans.factory.support.AbstractAutowireCapableBeanFactory.doCreateBean(AbstractAutowireCapableBeanFactory.java:607)
	at org.springframework.beans.factory.support.AbstractAutowireCapableBeanFactory.createBean(AbstractAutowireCapableBeanFactory.java:529)
	at org.springframework.beans.factory.support.AbstractBeanFactory.lambda$doGetBean$0(AbstractBeanFactory.java:339)
	at org.springframework.beans.factory.support.DefaultSingletonBeanRegistry.getSingleton(DefaultSingletonBeanRegistry.java:373)
	at org.springframework.beans.factory.support.AbstractBeanFactory.doGetBean(AbstractBeanFactory.java:337)
	at org.springframework.beans.factory.support.AbstractBeanFactory.getBean(AbstractBeanFactory.java:202)
	at org.springframework.beans.factory.support.DefaultListableBeanFactory.doResolveDependency(DefaultListableBeanFactory.java:1690)
	at org.springframework.beans.factory.support.DefaultListableBeanFactory.resolveDependency(DefaultListableBeanFactory.java:1635)
	at org.springframework.beans.factory.support.ConstructorResolver.resolveAutowiredArgument(ConstructorResolver.java:913)
	at org.springframework.beans.factory.support.ConstructorResolver.createArgumentArray(ConstructorResolver.java:791)
	... 81 common frames omitted
Caused by: org.springframework.data.repository.query.QueryCreationException: Could not create query for public abstract java.util.Optional com.example.Spring.security._JWT.repository.RefreshTokenRepository.findByUser(com.example.Spring.security._JWT.model.User); Reason: Failed to create query for method public abstract java.util.Optional com.example.Spring.security._JWT.repository.RefreshTokenRepository.findByUser(com.example.Spring.security._JWT.model.User); No property 'user' found for type 'RefreshToken'; Did you mean 'userId'
	at org.springframework.data.repository.query.QueryCreationException.create(QueryCreationException.java:101)
	at org.springframework.data.repository.core.support.QueryExecutorMethodInterceptor.lookupQuery(QueryExecutorMethodInterceptor.java:120)
	at org.springframework.data.repository.core.support.QueryExecutorMethodInterceptor.mapMethodsToQuery(QueryExecutorMethodInterceptor.java:104)
	at org.springframework.data.repository.core.support.QueryExecutorMethodInterceptor.lambda$new$0(QueryExecutorMethodInterceptor.java:92)
	at java.base/java.util.Optional.map(Optional.java:260)
	at org.springframework.data.repository.core.support.QueryExecutorMethodInterceptor.<init>(QueryExecutorMethodInterceptor.java:92)
	at org.springframework.data.repository.core.support.RepositoryFactorySupport.getRepository(RepositoryFactorySupport.java:434)
	at org.springframework.data.repository.core.support.RepositoryFactoryBeanSupport.lambda$afterPropertiesSet$4(RepositoryFactoryBeanSupport.java:350)
	at org.springframework.data.util.Lazy.getNullable(Lazy.java:135)
	at org.springframework.data.util.Lazy.get(Lazy.java:113)
	at org.springframework.data.repository.core.support.RepositoryFactoryBeanSupport.afterPropertiesSet(RepositoryFactoryBeanSupport.java:356)
	at org.springframework.data.jpa.repository.support.JpaRepositoryFactoryBean.afterPropertiesSet(JpaRepositoryFactoryBean.java:132)
	at org.springframework.beans.factory.support.AbstractAutowireCapableBeanFactory.invokeInitMethods(AbstractAutowireCapableBeanFactory.java:1873)
	at org.springframework.beans.factory.support.AbstractAutowireCapableBeanFactory.initializeBean(AbstractAutowireCapableBeanFactory.java:1822)
	... 91 common frames omitted
Caused by: java.lang.IllegalArgumentException: Failed to create query for method public abstract java.util.Optional com.example.Spring.security._JWT.repository.RefreshTokenRepository.findByUser(com.example.Spring.security._JWT.model.User); No property 'user' found for type 'RefreshToken'; Did you mean 'userId'
	at org.springframework.data.jpa.repository.query.PartTreeJpaQuery.<init>(PartTreeJpaQuery.java:107)
	at org.springframework.data.jpa.repository.query.JpaQueryLookupStrategy$CreateQueryLookupStrategy.resolveQuery(JpaQueryLookupStrategy.java:128)
	at org.springframework.data.jpa.repository.query.JpaQueryLookupStrategy$CreateIfNotFoundQueryLookupStrategy.resolveQuery(JpaQueryLookupStrategy.java:260)
	at org.springframework.data.jpa.repository.query.JpaQueryLookupStrategy$AbstractQueryLookupStrategy.resolveQuery(JpaQueryLookupStrategy.java:99)
	at org.springframework.data.repository.core.support.QueryExecutorMethodInterceptor.lookupQuery(QueryExecutorMethodInterceptor.java:116)
	... 103 common frames omitted
Caused by: org.springframework.data.mapping.PropertyReferenceException: No property 'user' found for type 'RefreshToken'; Did you mean 'userId'
	at org.springframework.data.mapping.PropertyPath.<init>(PropertyPath.java:94)
	at org.springframework.data.mapping.PropertyPath.create(PropertyPath.java:455)
	at org.springframework.data.mapping.PropertyPath.create(PropertyPath.java:431)
	at org.springframework.data.mapping.PropertyPath.lambda$from$0(PropertyPath.java:384)
	at java.base/java.util.concurrent.ConcurrentMap.computeIfAbsent(ConcurrentMap.java:330)
	at org.springframework.data.mapping.PropertyPath.from(PropertyPath.java:366)
	at org.springframework.data.mapping.PropertyPath.from(PropertyPath.java:344)
	at org.springframework.data.repository.query.parser.Part.<init>(Part.java:81)
	at org.springframework.data.repository.query.parser.PartTree$OrPart.lambda$new$0(PartTree.java:259)
	at java.base/java.util.stream.ReferencePipeline$3$1.accept(ReferencePipeline.java:215)
	at java.base/java.util.stream.ReferencePipeline$2$1.accept(ReferencePipeline.java:197)
	at java.base/java.util.Spliterators$ArraySpliterator.forEachRemaining(Spliterators.java:1024)
	at java.base/java.util.stream.AbstractPipeline.copyInto(AbstractPipeline.java:570)
	at java.base/java.util.stream.AbstractPipeline.wrapAndCopyInto(AbstractPipeline.java:560)
	at java.base/java.util.stream.ReduceOps$ReduceOp.evaluateSequential(ReduceOps.java:921)
	at java.base/java.util.stream.AbstractPipeline.evaluate(AbstractPipeline.java:265)
	at java.base/java.util.stream.ReferencePipeline.collect(ReferencePipeline.java:727)
	at org.springframework.data.repository.query.parser.PartTree$OrPart.<init>(PartTree.java:260)
	at org.springframework.data.repository.query.parser.PartTree$Predicate.lambda$new$0(PartTree.java:389)
	at java.base/java.util.stream.ReferencePipeline$3$1.accept(ReferencePipeline.java:215)
	at java.base/java.util.stream.ReferencePipeline$2$1.accept(ReferencePipeline.java:197)
	at java.base/java.util.Spliterators$ArraySpliterator.forEachRemaining(Spliterators.java:1024)
	at java.base/java.util.stream.AbstractPipeline.copyInto(AbstractPipeline.java:570)
	at java.base/java.util.stream.AbstractPipeline.wrapAndCopyInto(AbstractPipeline.java:560)
	at java.base/java.util.stream.ReduceOps$ReduceOp.evaluateSequential(ReduceOps.java:921)
	at java.base/java.util.stream.AbstractPipeline.evaluate(AbstractPipeline.java:265)
	at java.base/java.util.stream.ReferencePipeline.collect(ReferencePipeline.java:727)
	at org.springframework.data.repository.query.parser.PartTree$Predicate.<init>(PartTree.java:390)
	at org.springframework.data.repository.query.parser.PartTree.<init>(PartTree.java:103)
	at org.springframework.data.jpa.repository.query.PartTreeJpaQuery.<init>(PartTreeJpaQuery.java:101)
	... 107 common frames omitted
2025-09-06 13:25:30.827 [main] [] [] INFO  c.e.S.s._.SpringSecurityJwtApplication - Starting SpringSecurityJwtApplication using Java 23 with PID 2016 (C:\Users\User\Desktop\Мои проекты\Spring-security_JWT\target\classes started by User in C:\Users\User\Desktop\Мои проекты\Spring-security_JWT)
2025-09-06 13:25:30.830 [main] [] [] INFO  c.e.S.s._.SpringSecurityJwtApplication - No active profile set, falling back to 1 default profile: "default"
2025-09-06 13:25:31.577 [main] [] [] INFO  o.s.d.r.c.RepositoryConfigurationDelegate - Bootstrapping Spring Data JPA repositories in DEFAULT mode.
2025-09-06 13:25:31.641 [main] [] [] INFO  o.s.d.r.c.RepositoryConfigurationDelegate - Finished Spring Data repository scanning in 53 ms. Found 2 JPA repository interfaces.
2025-09-06 13:25:32.230 [main] [] [] INFO  o.s.b.w.e.tomcat.TomcatWebServer - Tomcat initialized with port 8443 (https)
2025-09-06 13:25:32.246 [main] [] [] INFO  o.a.catalina.core.StandardService - Starting service [Tomcat]
2025-09-06 13:25:32.246 [main] [] [] INFO  o.a.catalina.core.StandardEngine - Starting Servlet engine: [Apache Tomcat/10.1.44]
2025-09-06 13:25:32.297 [main] [] [] INFO  o.a.c.c.C.[Tomcat].[localhost].[/] - Initializing Spring embedded WebApplicationContext
2025-09-06 13:25:32.298 [main] [] [] INFO  o.s.b.w.s.c.ServletWebServerApplicationContext - Root WebApplicationContext: initialization completed in 1418 ms
2025-09-06 13:25:32.418 [main] [] [] INFO  o.h.jpa.internal.util.LogHelper - HHH000204: Processing PersistenceUnitInfo [name: default]
2025-09-06 13:25:32.497 [main] [] [] INFO  org.hibernate.Version - HHH000412: Hibernate ORM core version 6.6.26.Final
2025-09-06 13:25:32.532 [main] [] [] INFO  o.h.c.i.RegionFactoryInitiator - HHH000026: Second-level cache disabled
2025-09-06 13:25:32.810 [main] [] [] INFO  o.s.o.j.p.SpringPersistenceUnitInfo - No LoadTimeWeaver setup: ignoring JPA class transformer
2025-09-06 13:25:32.843 [main] [] [] INFO  com.zaxxer.hikari.HikariDataSource - HikariPool-1 - Starting...
2025-09-06 13:25:33.004 [main] [] [] INFO  com.zaxxer.hikari.pool.HikariPool - HikariPool-1 - Added connection org.postgresql.jdbc.PgConnection@1c18ee69
2025-09-06 13:25:33.005 [main] [] [] INFO  com.zaxxer.hikari.HikariDataSource - HikariPool-1 - Start completed.
2025-09-06 13:25:33.049 [main] [] [] WARN  org.hibernate.orm.deprecation - HHH90000025: PostgreSQLDialect does not need to be specified explicitly using 'hibernate.dialect' (remove the property setting and it will be selected by default)
2025-09-06 13:25:33.070 [main] [] [] INFO  o.hibernate.orm.connections.pooling - HHH10001005: Database info:
	Database JDBC URL [Connecting through datasource 'HikariDataSource (HikariPool-1)']
	Database driver: undefined/unknown
	Database version: 16.4
	Autocommit mode: undefined/unknown
	Isolation level: undefined/unknown
	Minimum pool size: undefined/unknown
	Maximum pool size: undefined/unknown
2025-09-06 13:25:34.292 [main] [] [] INFO  o.h.e.t.j.p.i.JtaPlatformInitiator - HHH000489: No JTA platform available (set 'hibernate.transaction.jta.platform' to enable JTA platform integration)
2025-09-06 13:25:34.471 [main] [] [] INFO  o.s.o.j.LocalContainerEntityManagerFactoryBean - Initialized JPA EntityManagerFactory for persistence unit 'default'
2025-09-06 13:25:34.756 [main] [] [] INFO  o.s.d.j.r.query.QueryEnhancerFactory - Hibernate is in classpath; If applicable, HQL parser will be used.
2025-09-06 13:25:35.131 [main] [] [] ERROR o.s.b.w.e.tomcat.TomcatStarter - Error starting Tomcat context. Exception: org.springframework.beans.factory.UnsatisfiedDependencyException. Message: Error creating bean with name 'jwtAuthenticationFilter' defined in file [C:\Users\User\Desktop\Мои проекты\Spring-security_JWT\target\classes\com\example\Spring\security\_JWT\config\JwtAuthenticationFilter.class]: Unsatisfied dependency expressed through constructor parameter 0: Error creating bean with name 'JWTUtils' defined in file [C:\Users\User\Desktop\Мои проекты\Spring-security_JWT\target\classes\com\example\Spring\security\_JWT\utils\JWTUtils.class]: Unsatisfied dependency expressed through constructor parameter 0: Error creating bean with name 'refreshTokenService' defined in file [C:\Users\User\Desktop\Мои проекты\Spring-security_JWT\target\classes\com\example\Spring\security\_JWT\service\RefreshTokenService.class]: Unsatisfied dependency expressed through constructor parameter 1: Error creating bean with name 'JWTUtils': Requested bean is currently in creation: Is there an unresolvable circular reference or an asynchronous initialization dependency?
2025-09-06 13:25:35.157 [main] [] [] INFO  o.a.catalina.core.StandardService - Stopping service [Tomcat]
2025-09-06 13:25:35.160 [main] [] [] WARN  o.a.c.loader.WebappClassLoaderBase - The web application [ROOT] appears to have started a thread named [HikariPool-1:housekeeper] but has failed to stop it. This is very likely to create a memory leak. Stack trace of thread:
 java.base/jdk.internal.misc.Unsafe.park(Native Method)
 java.base/java.util.concurrent.locks.LockSupport.parkNanos(LockSupport.java:269)
 java.base/java.util.concurrent.locks.AbstractQueuedSynchronizer$ConditionObject.awaitNanos(AbstractQueuedSynchronizer.java:1763)
 java.base/java.util.concurrent.ScheduledThreadPoolExecutor$DelayedWorkQueue.take(ScheduledThreadPoolExecutor.java:1182)
 java.base/java.util.concurrent.ScheduledThreadPoolExecutor$DelayedWorkQueue.take(ScheduledThreadPoolExecutor.java:899)
 java.base/java.util.concurrent.ThreadPoolExecutor.getTask(ThreadPoolExecutor.java:1070)
 java.base/java.util.concurrent.ThreadPoolExecutor.runWorker(ThreadPoolExecutor.java:1130)
 java.base/java.util.concurrent.ThreadPoolExecutor$Worker.run(ThreadPoolExecutor.java:642)
 java.base/java.lang.Thread.run(Thread.java:1575)
2025-09-06 13:25:35.160 [main] [] [] WARN  o.a.c.loader.WebappClassLoaderBase - The web application [ROOT] appears to have started a thread named [HikariPool-1:connection-adder] but has failed to stop it. This is very likely to create a memory leak. Stack trace of thread:
 java.base/jdk.internal.misc.Unsafe.park(Native Method)
 java.base/java.util.concurrent.locks.LockSupport.parkNanos(LockSupport.java:269)
 java.base/java.util.concurrent.locks.AbstractQueuedSynchronizer$ConditionObject.awaitNanos(AbstractQueuedSynchronizer.java:1763)
 java.base/java.util.concurrent.LinkedBlockingQueue.poll(LinkedBlockingQueue.java:460)
 java.base/java.util.concurrent.ThreadPoolExecutor.getTask(ThreadPoolExecutor.java:1069)
 java.base/java.util.concurrent.ThreadPoolExecutor.runWorker(ThreadPoolExecutor.java:1130)
 java.base/java.util.concurrent.ThreadPoolExecutor$Worker.run(ThreadPoolExecutor.java:642)
 java.base/java.lang.Thread.run(Thread.java:1575)
2025-09-06 13:25:35.163 [main] [] [] WARN  o.s.b.w.s.c.AnnotationConfigServletWebServerApplicationContext - Exception encountered during context initialization - cancelling refresh attempt: org.springframework.context.ApplicationContextException: Unable to start web server
2025-09-06 13:25:35.163 [main] [] [] INFO  o.s.o.j.LocalContainerEntityManagerFactoryBean - Closing JPA EntityManagerFactory for persistence unit 'default'
2025-09-06 13:25:35.166 [main] [] [] INFO  com.zaxxer.hikari.HikariDataSource - HikariPool-1 - Shutdown initiated...
2025-09-06 13:25:35.173 [main] [] [] INFO  com.zaxxer.hikari.HikariDataSource - HikariPool-1 - Shutdown completed.
2025-09-06 13:25:35.181 [main] [] [] INFO  o.s.b.a.l.ConditionEvaluationReportLogger - 

Error starting ApplicationContext. To display the condition evaluation report re-run your application with 'debug' enabled.
2025-09-06 13:25:35.198 [main] [] [] ERROR o.s.b.d.LoggingFailureAnalysisReporter - 

***************************
APPLICATION FAILED TO START
***************************

Description:

The dependencies of some of the beans in the application context form a cycle:

   jwtAuthenticationFilter defined in file [C:\Users\User\Desktop\Мои проекты\Spring-security_JWT\target\classes\com\example\Spring\security\_JWT\config\JwtAuthenticationFilter.class]
┌─────┐
|  JWTUtils defined in file [C:\Users\User\Desktop\Мои проекты\Spring-security_JWT\target\classes\com\example\Spring\security\_JWT\utils\JWTUtils.class]
↑     ↓
|  refreshTokenService defined in file [C:\Users\User\Desktop\Мои проекты\Spring-security_JWT\target\classes\com\example\Spring\security\_JWT\service\RefreshTokenService.class]
└─────┘


Action:

Relying upon circular references is discouraged and they are prohibited by default. Update your application to remove the dependency cycle between beans. As a last resort, it may be possible to break the cycle automatically by setting spring.main.allow-circular-references to true.

2025-09-06 13:27:33.301 [main] [] [] INFO  c.e.S.s._.SpringSecurityJwtApplication - Starting SpringSecurityJwtApplication using Java 23 with PID 3764 (C:\Users\User\Desktop\Мои проекты\Spring-security_JWT\target\classes started by User in C:\Users\User\Desktop\Мои проекты\Spring-security_JWT)
2025-09-06 13:27:33.304 [main] [] [] INFO  c.e.S.s._.SpringSecurityJwtApplication - No active profile set, falling back to 1 default profile: "default"
2025-09-06 13:27:34.057 [main] [] [] INFO  o.s.d.r.c.RepositoryConfigurationDelegate - Bootstrapping Spring Data JPA repositories in DEFAULT mode.
2025-09-06 13:27:34.122 [main] [] [] INFO  o.s.d.r.c.RepositoryConfigurationDelegate - Finished Spring Data repository scanning in 56 ms. Found 2 JPA repository interfaces.
2025-09-06 13:27:34.851 [main] [] [] INFO  o.s.b.w.e.tomcat.TomcatWebServer - Tomcat initialized with port 8443 (https)
2025-09-06 13:27:34.866 [main] [] [] INFO  o.a.catalina.core.StandardService - Starting service [Tomcat]
2025-09-06 13:27:34.866 [main] [] [] INFO  o.a.catalina.core.StandardEngine - Starting Servlet engine: [Apache Tomcat/10.1.44]
2025-09-06 13:27:34.915 [main] [] [] INFO  o.a.c.c.C.[Tomcat].[localhost].[/] - Initializing Spring embedded WebApplicationContext
2025-09-06 13:27:34.915 [main] [] [] INFO  o.s.b.w.s.c.ServletWebServerApplicationContext - Root WebApplicationContext: initialization completed in 1559 ms
2025-09-06 13:27:35.038 [main] [] [] INFO  o.h.jpa.internal.util.LogHelper - HHH000204: Processing PersistenceUnitInfo [name: default]
2025-09-06 13:27:35.113 [main] [] [] INFO  org.hibernate.Version - HHH000412: Hibernate ORM core version 6.6.26.Final
2025-09-06 13:27:35.148 [main] [] [] INFO  o.h.c.i.RegionFactoryInitiator - HHH000026: Second-level cache disabled
2025-09-06 13:27:35.431 [main] [] [] INFO  o.s.o.j.p.SpringPersistenceUnitInfo - No LoadTimeWeaver setup: ignoring JPA class transformer
2025-09-06 13:27:35.459 [main] [] [] INFO  com.zaxxer.hikari.HikariDataSource - HikariPool-1 - Starting...
2025-09-06 13:27:35.613 [main] [] [] INFO  com.zaxxer.hikari.pool.HikariPool - HikariPool-1 - Added connection org.postgresql.jdbc.PgConnection@1c18ee69
2025-09-06 13:27:35.614 [main] [] [] INFO  com.zaxxer.hikari.HikariDataSource - HikariPool-1 - Start completed.
2025-09-06 13:27:35.656 [main] [] [] WARN  org.hibernate.orm.deprecation - HHH90000025: PostgreSQLDialect does not need to be specified explicitly using 'hibernate.dialect' (remove the property setting and it will be selected by default)
2025-09-06 13:27:35.680 [main] [] [] INFO  o.hibernate.orm.connections.pooling - HHH10001005: Database info:
	Database JDBC URL [Connecting through datasource 'HikariDataSource (HikariPool-1)']
	Database driver: undefined/unknown
	Database version: 16.4
	Autocommit mode: undefined/unknown
	Isolation level: undefined/unknown
	Minimum pool size: undefined/unknown
	Maximum pool size: undefined/unknown
2025-09-06 13:27:36.728 [main] [] [] INFO  o.h.e.t.j.p.i.JtaPlatformInitiator - HHH000489: No JTA platform available (set 'hibernate.transaction.jta.platform' to enable JTA platform integration)
2025-09-06 13:27:36.899 [main] [] [] INFO  o.s.o.j.LocalContainerEntityManagerFactoryBean - Initialized JPA EntityManagerFactory for persistence unit 'default'
2025-09-06 13:27:37.211 [main] [] [] INFO  o.s.d.j.r.query.QueryEnhancerFactory - Hibernate is in classpath; If applicable, HQL parser will be used.
2025-09-06 13:27:37.591 [main] [] [] ERROR o.s.b.w.e.tomcat.TomcatStarter - Error starting Tomcat context. Exception: org.springframework.beans.factory.UnsatisfiedDependencyException. Message: Error creating bean with name 'jwtAuthenticationFilter' defined in file [C:\Users\User\Desktop\Мои проекты\Spring-security_JWT\target\classes\com\example\Spring\security\_JWT\config\JwtAuthenticationFilter.class]: Unsatisfied dependency expressed through constructor parameter 0: Error creating bean with name 'JWTUtils' defined in file [C:\Users\User\Desktop\Мои проекты\Spring-security_JWT\target\classes\com\example\Spring\security\_JWT\utils\JWTUtils.class]: Unsatisfied dependency expressed through constructor parameter 0: Error creating bean with name 'refreshTokenService' defined in file [C:\Users\User\Desktop\Мои проекты\Spring-security_JWT\target\classes\com\example\Spring\security\_JWT\service\RefreshTokenService.class]: Unsatisfied dependency expressed through constructor parameter 1: Error creating bean with name 'JWTUtils': Requested bean is currently in creation: Is there an unresolvable circular reference or an asynchronous initialization dependency?
2025-09-06 13:27:37.616 [main] [] [] INFO  o.a.catalina.core.StandardService - Stopping service [Tomcat]
2025-09-06 13:27:37.618 [main] [] [] WARN  o.a.c.loader.WebappClassLoaderBase - The web application [ROOT] appears to have started a thread named [HikariPool-1:housekeeper] but has failed to stop it. This is very likely to create a memory leak. Stack trace of thread:
 java.base/jdk.internal.misc.Unsafe.park(Native Method)
 java.base/java.util.concurrent.locks.LockSupport.parkNanos(LockSupport.java:269)
 java.base/java.util.concurrent.locks.AbstractQueuedSynchronizer$ConditionObject.awaitNanos(AbstractQueuedSynchronizer.java:1763)
 java.base/java.util.concurrent.ScheduledThreadPoolExecutor$DelayedWorkQueue.take(ScheduledThreadPoolExecutor.java:1182)
 java.base/java.util.concurrent.ScheduledThreadPoolExecutor$DelayedWorkQueue.take(ScheduledThreadPoolExecutor.java:899)
 java.base/java.util.concurrent.ThreadPoolExecutor.getTask(ThreadPoolExecutor.java:1070)
 java.base/java.util.concurrent.ThreadPoolExecutor.runWorker(ThreadPoolExecutor.java:1130)
 java.base/java.util.concurrent.ThreadPoolExecutor$Worker.run(ThreadPoolExecutor.java:642)
 java.base/java.lang.Thread.run(Thread.java:1575)
2025-09-06 13:27:37.618 [main] [] [] WARN  o.a.c.loader.WebappClassLoaderBase - The web application [ROOT] appears to have started a thread named [HikariPool-1:connection-adder] but has failed to stop it. This is very likely to create a memory leak. Stack trace of thread:
 java.base/jdk.internal.misc.Unsafe.park(Native Method)
 java.base/java.util.concurrent.locks.LockSupport.parkNanos(LockSupport.java:269)
 java.base/java.util.concurrent.locks.AbstractQueuedSynchronizer$ConditionObject.awaitNanos(AbstractQueuedSynchronizer.java:1763)
 java.base/java.util.concurrent.LinkedBlockingQueue.poll(LinkedBlockingQueue.java:460)
 java.base/java.util.concurrent.ThreadPoolExecutor.getTask(ThreadPoolExecutor.java:1069)
 java.base/java.util.concurrent.ThreadPoolExecutor.runWorker(ThreadPoolExecutor.java:1130)
 java.base/java.util.concurrent.ThreadPoolExecutor$Worker.run(ThreadPoolExecutor.java:642)
 java.base/java.lang.Thread.run(Thread.java:1575)
2025-09-06 13:27:37.621 [main] [] [] WARN  o.s.b.w.s.c.AnnotationConfigServletWebServerApplicationContext - Exception encountered during context initialization - cancelling refresh attempt: org.springframework.context.ApplicationContextException: Unable to start web server
2025-09-06 13:27:37.621 [main] [] [] INFO  o.s.o.j.LocalContainerEntityManagerFactoryBean - Closing JPA EntityManagerFactory for persistence unit 'default'
2025-09-06 13:27:37.624 [main] [] [] INFO  com.zaxxer.hikari.HikariDataSource - HikariPool-1 - Shutdown initiated...
2025-09-06 13:27:37.629 [main] [] [] INFO  com.zaxxer.hikari.HikariDataSource - HikariPool-1 - Shutdown completed.
2025-09-06 13:27:37.636 [main] [] [] INFO  o.s.b.a.l.ConditionEvaluationReportLogger - 

Error starting ApplicationContext. To display the condition evaluation report re-run your application with 'debug' enabled.
2025-09-06 13:27:37.653 [main] [] [] ERROR o.s.b.d.LoggingFailureAnalysisReporter - 

***************************
APPLICATION FAILED TO START
***************************

Description:

The dependencies of some of the beans in the application context form a cycle:

   jwtAuthenticationFilter defined in file [C:\Users\User\Desktop\Мои проекты\Spring-security_JWT\target\classes\com\example\Spring\security\_JWT\config\JwtAuthenticationFilter.class]
┌─────┐
|  JWTUtils defined in file [C:\Users\User\Desktop\Мои проекты\Spring-security_JWT\target\classes\com\example\Spring\security\_JWT\utils\JWTUtils.class]
↑     ↓
|  refreshTokenService defined in file [C:\Users\User\Desktop\Мои проекты\Spring-security_JWT\target\classes\com\example\Spring\security\_JWT\service\RefreshTokenService.class]
└─────┘


Action:

Relying upon circular references is discouraged and they are prohibited by default. Update your application to remove the dependency cycle between beans. As a last resort, it may be possible to break the cycle automatically by setting spring.main.allow-circular-references to true.

2025-09-06 13:35:34.906 [main] [] [] INFO  c.e.S.s._.SpringSecurityJwtApplication - Starting SpringSecurityJwtApplication using Java 23 with PID 17256 (C:\Users\User\Desktop\Мои проекты\Spring-security_JWT\target\classes started by User in C:\Users\User\Desktop\Мои проекты\Spring-security_JWT)
2025-09-06 13:35:34.908 [main] [] [] INFO  c.e.S.s._.SpringSecurityJwtApplication - No active profile set, falling back to 1 default profile: "default"
2025-09-06 13:35:36.030 [main] [] [] INFO  o.s.d.r.c.RepositoryConfigurationDelegate - Bootstrapping Spring Data JPA repositories in DEFAULT mode.
2025-09-06 13:35:36.104 [main] [] [] INFO  o.s.d.r.c.RepositoryConfigurationDelegate - Finished Spring Data repository scanning in 59 ms. Found 2 JPA repository interfaces.
2025-09-06 13:35:36.967 [main] [] [] INFO  o.s.b.w.e.tomcat.TomcatWebServer - Tomcat initialized with port 8443 (https)
2025-09-06 13:35:37.026 [main] [] [] INFO  o.a.catalina.core.StandardService - Starting service [Tomcat]
2025-09-06 13:35:37.026 [main] [] [] INFO  o.a.catalina.core.StandardEngine - Starting Servlet engine: [Apache Tomcat/10.1.44]
2025-09-06 13:35:37.083 [main] [] [] INFO  o.a.c.c.C.[Tomcat].[localhost].[/] - Initializing Spring embedded WebApplicationContext
2025-09-06 13:35:37.084 [main] [] [] INFO  o.s.b.w.s.c.ServletWebServerApplicationContext - Root WebApplicationContext: initialization completed in 2120 ms
2025-09-06 13:35:37.491 [main] [] [] INFO  o.h.jpa.internal.util.LogHelper - HHH000204: Processing PersistenceUnitInfo [name: default]
2025-09-06 13:35:37.557 [main] [] [] INFO  org.hibernate.Version - HHH000412: Hibernate ORM core version 6.6.26.Final
2025-09-06 13:35:37.599 [main] [] [] INFO  o.h.c.i.RegionFactoryInitiator - HHH000026: Second-level cache disabled
2025-09-06 13:35:37.971 [main] [] [] INFO  o.s.o.j.p.SpringPersistenceUnitInfo - No LoadTimeWeaver setup: ignoring JPA class transformer
2025-09-06 13:35:38.005 [main] [] [] INFO  com.zaxxer.hikari.HikariDataSource - HikariPool-1 - Starting...
2025-09-06 13:35:38.192 [main] [] [] INFO  com.zaxxer.hikari.pool.HikariPool - HikariPool-1 - Added connection org.postgresql.jdbc.PgConnection@147c00aa
2025-09-06 13:35:38.194 [main] [] [] INFO  com.zaxxer.hikari.HikariDataSource - HikariPool-1 - Start completed.
2025-09-06 13:35:38.238 [main] [] [] WARN  org.hibernate.orm.deprecation - HHH90000025: PostgreSQLDialect does not need to be specified explicitly using 'hibernate.dialect' (remove the property setting and it will be selected by default)
2025-09-06 13:35:38.262 [main] [] [] INFO  o.hibernate.orm.connections.pooling - HHH10001005: Database info:
	Database JDBC URL [Connecting through datasource 'HikariDataSource (HikariPool-1)']
	Database driver: undefined/unknown
	Database version: 16.4
	Autocommit mode: undefined/unknown
	Isolation level: undefined/unknown
	Minimum pool size: undefined/unknown
	Maximum pool size: undefined/unknown
2025-09-06 13:35:39.583 [main] [] [] INFO  o.h.e.t.j.p.i.JtaPlatformInitiator - HHH000489: No JTA platform available (set 'hibernate.transaction.jta.platform' to enable JTA platform integration)
2025-09-06 13:35:39.764 [main] [] [] INFO  o.s.o.j.LocalContainerEntityManagerFactoryBean - Initialized JPA EntityManagerFactory for persistence unit 'default'
2025-09-06 13:35:40.076 [main] [] [] INFO  o.s.d.j.r.query.QueryEnhancerFactory - Hibernate is in classpath; If applicable, HQL parser will be used.
2025-09-06 13:35:40.504 [main] [] [] ERROR o.s.b.w.e.tomcat.TomcatStarter - Error starting Tomcat context. Exception: org.springframework.beans.factory.UnsatisfiedDependencyException. Message: Error creating bean with name 'jwtAuthenticationFilter' defined in file [C:\Users\User\Desktop\Мои проекты\Spring-security_JWT\target\classes\com\example\Spring\security\_JWT\config\JwtAuthenticationFilter.class]: Unsatisfied dependency expressed through constructor parameter 0: Error creating bean with name 'JWTUtils' defined in file [C:\Users\User\Desktop\Мои проекты\Spring-security_JWT\target\classes\com\example\Spring\security\_JWT\utils\JWTUtils.class]: Unsatisfied dependency expressed through constructor parameter 0: Error creating bean with name 'refreshTokenService' defined in file [C:\Users\User\Desktop\Мои проекты\Spring-security_JWT\target\classes\com\example\Spring\security\_JWT\service\RefreshTokenService.class]: Unsatisfied dependency expressed through constructor parameter 1: Error creating bean with name 'JWTUtils': Requested bean is currently in creation: Is there an unresolvable circular reference or an asynchronous initialization dependency?
2025-09-06 13:35:40.535 [main] [] [] WARN  o.s.b.w.s.c.AnnotationConfigServletWebServerApplicationContext - Exception encountered during context initialization - cancelling refresh attempt: org.springframework.context.ApplicationContextException: Unable to start web server
2025-09-06 13:35:40.536 [main] [] [] INFO  o.s.o.j.LocalContainerEntityManagerFactoryBean - Closing JPA EntityManagerFactory for persistence unit 'default'
2025-09-06 13:35:40.538 [main] [] [] INFO  com.zaxxer.hikari.HikariDataSource - HikariPool-1 - Shutdown initiated...
2025-09-06 13:35:40.544 [main] [] [] INFO  com.zaxxer.hikari.HikariDataSource - HikariPool-1 - Shutdown completed.
2025-09-06 13:35:46.293 [main] [] [] INFO  c.e.S.s._.SpringSecurityJwtApplication - Starting SpringSecurityJwtApplication using Java 23 with PID 16596 (C:\Users\User\Desktop\Мои проекты\Spring-security_JWT\target\classes started by User in C:\Users\User\Desktop\Мои проекты\Spring-security_JWT)
2025-09-06 13:35:46.295 [main] [] [] INFO  c.e.S.s._.SpringSecurityJwtApplication - No active profile set, falling back to 1 default profile: "default"
2025-09-06 13:35:47.069 [main] [] [] INFO  o.s.d.r.c.RepositoryConfigurationDelegate - Bootstrapping Spring Data JPA repositories in DEFAULT mode.
2025-09-06 13:35:47.136 [main] [] [] INFO  o.s.d.r.c.RepositoryConfigurationDelegate - Finished Spring Data repository scanning in 58 ms. Found 2 JPA repository interfaces.
2025-09-06 13:35:47.744 [main] [] [] INFO  o.s.b.w.e.tomcat.TomcatWebServer - Tomcat initialized with port 8443 (https)
2025-09-06 13:35:47.760 [main] [] [] INFO  o.a.catalina.core.StandardService - Starting service [Tomcat]
2025-09-06 13:35:47.760 [main] [] [] INFO  o.a.catalina.core.StandardEngine - Starting Servlet engine: [Apache Tomcat/10.1.44]
2025-09-06 13:35:47.814 [main] [] [] INFO  o.a.c.c.C.[Tomcat].[localhost].[/] - Initializing Spring embedded WebApplicationContext
2025-09-06 13:35:47.815 [main] [] [] INFO  o.s.b.w.s.c.ServletWebServerApplicationContext - Root WebApplicationContext: initialization completed in 1466 ms
2025-09-06 13:35:47.939 [main] [] [] INFO  o.h.jpa.internal.util.LogHelper - HHH000204: Processing PersistenceUnitInfo [name: default]
2025-09-06 13:35:48.019 [main] [] [] INFO  org.hibernate.Version - HHH000412: Hibernate ORM core version 6.6.26.Final
2025-09-06 13:35:48.054 [main] [] [] INFO  o.h.c.i.RegionFactoryInitiator - HHH000026: Second-level cache disabled
2025-09-06 13:35:48.354 [main] [] [] INFO  o.s.o.j.p.SpringPersistenceUnitInfo - No LoadTimeWeaver setup: ignoring JPA class transformer
2025-09-06 13:35:48.387 [main] [] [] INFO  com.zaxxer.hikari.HikariDataSource - HikariPool-1 - Starting...
2025-09-06 13:35:48.566 [main] [] [] INFO  com.zaxxer.hikari.pool.HikariPool - HikariPool-1 - Added connection org.postgresql.jdbc.PgConnection@44492c06
2025-09-06 13:35:48.568 [main] [] [] INFO  com.zaxxer.hikari.HikariDataSource - HikariPool-1 - Start completed.
2025-09-06 13:35:48.609 [main] [] [] WARN  org.hibernate.orm.deprecation - HHH90000025: PostgreSQLDialect does not need to be specified explicitly using 'hibernate.dialect' (remove the property setting and it will be selected by default)
2025-09-06 13:35:48.631 [main] [] [] INFO  o.hibernate.orm.connections.pooling - HHH10001005: Database info:
	Database JDBC URL [Connecting through datasource 'HikariDataSource (HikariPool-1)']
	Database driver: undefined/unknown
	Database version: 16.4
	Autocommit mode: undefined/unknown
	Isolation level: undefined/unknown
	Minimum pool size: undefined/unknown
	Maximum pool size: undefined/unknown
2025-09-06 13:35:49.848 [main] [] [] INFO  o.h.e.t.j.p.i.JtaPlatformInitiator - HHH000489: No JTA platform available (set 'hibernate.transaction.jta.platform' to enable JTA platform integration)
2025-09-06 13:35:50.013 [main] [] [] INFO  o.s.o.j.LocalContainerEntityManagerFactoryBean - Initialized JPA EntityManagerFactory for persistence unit 'default'
2025-09-06 13:35:50.325 [main] [] [] INFO  o.s.d.j.r.query.QueryEnhancerFactory - Hibernate is in classpath; If applicable, HQL parser will be used.
2025-09-06 13:35:50.729 [main] [] [] ERROR o.s.b.w.e.tomcat.TomcatStarter - Error starting Tomcat context. Exception: org.springframework.beans.factory.UnsatisfiedDependencyException. Message: Error creating bean with name 'jwtAuthenticationFilter' defined in file [C:\Users\User\Desktop\Мои проекты\Spring-security_JWT\target\classes\com\example\Spring\security\_JWT\config\JwtAuthenticationFilter.class]: Unsatisfied dependency expressed through constructor parameter 0: Error creating bean with name 'JWTUtils' defined in file [C:\Users\User\Desktop\Мои проекты\Spring-security_JWT\target\classes\com\example\Spring\security\_JWT\utils\JWTUtils.class]: Unsatisfied dependency expressed through constructor parameter 0: Error creating bean with name 'refreshTokenService' defined in file [C:\Users\User\Desktop\Мои проекты\Spring-security_JWT\target\classes\com\example\Spring\security\_JWT\service\RefreshTokenService.class]: Unsatisfied dependency expressed through constructor parameter 1: Error creating bean with name 'JWTUtils': Requested bean is currently in creation: Is there an unresolvable circular reference or an asynchronous initialization dependency?
2025-09-06 13:35:50.755 [main] [] [] INFO  o.a.catalina.core.StandardService - Stopping service [Tomcat]
2025-09-06 13:35:50.757 [main] [] [] WARN  o.a.c.loader.WebappClassLoaderBase - The web application [ROOT] appears to have started a thread named [HikariPool-1:housekeeper] but has failed to stop it. This is very likely to create a memory leak. Stack trace of thread:
 java.base/jdk.internal.misc.Unsafe.park(Native Method)
 java.base/java.util.concurrent.locks.LockSupport.parkNanos(LockSupport.java:269)
 java.base/java.util.concurrent.locks.AbstractQueuedSynchronizer$ConditionObject.awaitNanos(AbstractQueuedSynchronizer.java:1763)
 java.base/java.util.concurrent.ScheduledThreadPoolExecutor$DelayedWorkQueue.take(ScheduledThreadPoolExecutor.java:1182)
 java.base/java.util.concurrent.ScheduledThreadPoolExecutor$DelayedWorkQueue.take(ScheduledThreadPoolExecutor.java:899)
 java.base/java.util.concurrent.ThreadPoolExecutor.getTask(ThreadPoolExecutor.java:1070)
 java.base/java.util.concurrent.ThreadPoolExecutor.runWorker(ThreadPoolExecutor.java:1130)
 java.base/java.util.concurrent.ThreadPoolExecutor$Worker.run(ThreadPoolExecutor.java:642)
 java.base/java.lang.Thread.run(Thread.java:1575)
2025-09-06 13:35:50.757 [main] [] [] WARN  o.a.c.loader.WebappClassLoaderBase - The web application [ROOT] appears to have started a thread named [HikariPool-1:connection-adder] but has failed to stop it. This is very likely to create a memory leak. Stack trace of thread:
 java.base/jdk.internal.misc.Unsafe.park(Native Method)
 java.base/java.util.concurrent.locks.LockSupport.parkNanos(LockSupport.java:269)
 java.base/java.util.concurrent.locks.AbstractQueuedSynchronizer$ConditionObject.awaitNanos(AbstractQueuedSynchronizer.java:1763)
 java.base/java.util.concurrent.LinkedBlockingQueue.poll(LinkedBlockingQueue.java:460)
 java.base/java.util.concurrent.ThreadPoolExecutor.getTask(ThreadPoolExecutor.java:1069)
 java.base/java.util.concurrent.ThreadPoolExecutor.runWorker(ThreadPoolExecutor.java:1130)
 java.base/java.util.concurrent.ThreadPoolExecutor$Worker.run(ThreadPoolExecutor.java:642)
 java.base/java.lang.Thread.run(Thread.java:1575)
2025-09-06 13:35:50.759 [main] [] [] WARN  o.s.b.w.s.c.AnnotationConfigServletWebServerApplicationContext - Exception encountered during context initialization - cancelling refresh attempt: org.springframework.context.ApplicationContextException: Unable to start web server
2025-09-06 13:35:50.760 [main] [] [] INFO  o.s.o.j.LocalContainerEntityManagerFactoryBean - Closing JPA EntityManagerFactory for persistence unit 'default'
2025-09-06 13:35:50.762 [main] [] [] INFO  com.zaxxer.hikari.HikariDataSource - HikariPool-1 - Shutdown initiated...
2025-09-06 13:35:50.768 [main] [] [] INFO  com.zaxxer.hikari.HikariDataSource - HikariPool-1 - Shutdown completed.
2025-09-06 13:35:50.778 [main] [] [] INFO  o.s.b.a.l.ConditionEvaluationReportLogger - 

Error starting ApplicationContext. To display the condition evaluation report re-run your application with 'debug' enabled.
2025-09-06 13:35:50.796 [main] [] [] ERROR o.s.b.d.LoggingFailureAnalysisReporter - 

***************************
APPLICATION FAILED TO START
***************************

Description:

The dependencies of some of the beans in the application context form a cycle:

   jwtAuthenticationFilter defined in file [C:\Users\User\Desktop\Мои проекты\Spring-security_JWT\target\classes\com\example\Spring\security\_JWT\config\JwtAuthenticationFilter.class]
┌─────┐
|  JWTUtils defined in file [C:\Users\User\Desktop\Мои проекты\Spring-security_JWT\target\classes\com\example\Spring\security\_JWT\utils\JWTUtils.class]
↑     ↓
|  refreshTokenService defined in file [C:\Users\User\Desktop\Мои проекты\Spring-security_JWT\target\classes\com\example\Spring\security\_JWT\service\RefreshTokenService.class]
└─────┘


Action:

Relying upon circular references is discouraged and they are prohibited by default. Update your application to remove the dependency cycle between beans. As a last resort, it may be possible to break the cycle automatically by setting spring.main.allow-circular-references to true.

2025-09-06 13:36:27.188 [main] [] [] INFO  c.e.S.s._.SpringSecurityJwtApplication - Starting SpringSecurityJwtApplication using Java 23 with PID 11200 (C:\Users\User\Desktop\Мои проекты\Spring-security_JWT\target\classes started by User in C:\Users\User\Desktop\Мои проекты\Spring-security_JWT)
2025-09-06 13:36:27.191 [main] [] [] INFO  c.e.S.s._.SpringSecurityJwtApplication - No active profile set, falling back to 1 default profile: "default"
2025-09-06 13:36:28.185 [main] [] [] INFO  o.s.d.r.c.RepositoryConfigurationDelegate - Bootstrapping Spring Data JPA repositories in DEFAULT mode.
2025-09-06 13:36:28.252 [main] [] [] INFO  o.s.d.r.c.RepositoryConfigurationDelegate - Finished Spring Data repository scanning in 57 ms. Found 2 JPA repository interfaces.
2025-09-06 13:36:28.891 [main] [] [] INFO  o.s.b.w.e.tomcat.TomcatWebServer - Tomcat initialized with port 8443 (https)
2025-09-06 13:36:28.908 [main] [] [] INFO  o.a.catalina.core.StandardService - Starting service [Tomcat]
2025-09-06 13:36:28.908 [main] [] [] INFO  o.a.catalina.core.StandardEngine - Starting Servlet engine: [Apache Tomcat/10.1.44]
2025-09-06 13:36:28.971 [main] [] [] INFO  o.a.c.c.C.[Tomcat].[localhost].[/] - Initializing Spring embedded WebApplicationContext
2025-09-06 13:36:28.972 [main] [] [] INFO  o.s.b.w.s.c.ServletWebServerApplicationContext - Root WebApplicationContext: initialization completed in 1721 ms
2025-09-06 13:36:29.110 [main] [] [] INFO  o.h.jpa.internal.util.LogHelper - HHH000204: Processing PersistenceUnitInfo [name: default]
2025-09-06 13:36:29.184 [main] [] [] INFO  org.hibernate.Version - HHH000412: Hibernate ORM core version 6.6.26.Final
2025-09-06 13:36:29.230 [main] [] [] INFO  o.h.c.i.RegionFactoryInitiator - HHH000026: Second-level cache disabled
2025-09-06 13:36:29.585 [main] [] [] INFO  o.s.o.j.p.SpringPersistenceUnitInfo - No LoadTimeWeaver setup: ignoring JPA class transformer
2025-09-06 13:36:29.636 [main] [] [] INFO  com.zaxxer.hikari.HikariDataSource - HikariPool-1 - Starting...
2025-09-06 13:36:29.792 [main] [] [] INFO  com.zaxxer.hikari.pool.HikariPool - HikariPool-1 - Added connection org.postgresql.jdbc.PgConnection@4e8d9bb6
2025-09-06 13:36:29.794 [main] [] [] INFO  com.zaxxer.hikari.HikariDataSource - HikariPool-1 - Start completed.
2025-09-06 13:36:29.838 [main] [] [] WARN  org.hibernate.orm.deprecation - HHH90000025: PostgreSQLDialect does not need to be specified explicitly using 'hibernate.dialect' (remove the property setting and it will be selected by default)
2025-09-06 13:36:29.861 [main] [] [] INFO  o.hibernate.orm.connections.pooling - HHH10001005: Database info:
	Database JDBC URL [Connecting through datasource 'HikariDataSource (HikariPool-1)']
	Database driver: undefined/unknown
	Database version: 16.4
	Autocommit mode: undefined/unknown
	Isolation level: undefined/unknown
	Minimum pool size: undefined/unknown
	Maximum pool size: undefined/unknown
2025-09-06 13:36:30.926 [main] [] [] INFO  o.h.e.t.j.p.i.JtaPlatformInitiator - HHH000489: No JTA platform available (set 'hibernate.transaction.jta.platform' to enable JTA platform integration)
2025-09-06 13:36:31.078 [main] [] [] INFO  o.s.o.j.LocalContainerEntityManagerFactoryBean - Initialized JPA EntityManagerFactory for persistence unit 'default'
2025-09-06 13:36:31.370 [main] [] [] INFO  o.s.d.j.r.query.QueryEnhancerFactory - Hibernate is in classpath; If applicable, HQL parser will be used.
2025-09-06 13:36:31.928 [main] [] [] INFO  o.s.s.c.a.a.c.InitializeAuthenticationProviderBeanManagerConfigurer$InitializeAuthenticationProviderManagerConfigurer - Global AuthenticationManager configured with AuthenticationProvider bean with name authenticationProvider
2025-09-06 13:36:31.929 [main] [] [] WARN  o.s.s.c.a.a.c.InitializeUserDetailsBeanManagerConfigurer$InitializeUserDetailsManagerConfigurer - Global AuthenticationManager configured with an AuthenticationProvider bean. UserDetailsService beans will not be used by Spring Security for automatically configuring username/password login. Consider removing the AuthenticationProvider bean. Alternatively, consider using the UserDetailsService in a manually instantiated DaoAuthenticationProvider. If the current configuration is intentional, to turn off this warning, increase the logging level of 'org.springframework.security.config.annotation.authentication.configuration.InitializeUserDetailsBeanManagerConfigurer' to ERROR
2025-09-06 13:36:32.000 [main] [] [] WARN  o.s.b.a.o.j.JpaBaseConfiguration$JpaWebConfiguration - spring.jpa.open-in-view is enabled by default. Therefore, database queries may be performed during view rendering. Explicitly configure spring.jpa.open-in-view to disable this warning
2025-09-06 13:36:32.789 [main] [] [] INFO  o.a.t.u.net.NioEndpoint.certificate - Connector [https-jsse-nio-8443], TLS virtual host [_default_], certificate type [UNDEFINED] configured from keystore [C:\Users\User\.keystore] using alias [myapp] with trust store [null]
2025-09-06 13:36:32.806 [main] [] [] INFO  o.s.b.w.e.tomcat.TomcatWebServer - Tomcat started on port 8443 (https) with context path '/'
2025-09-06 13:36:32.813 [main] [] [] INFO  c.e.S.s._.SpringSecurityJwtApplication - Started SpringSecurityJwtApplication in 6.14 seconds (process running for 6.807)
2025-09-06 13:38:34.407 [https-jsse-nio-8443-exec-6] [] [] INFO  o.a.c.c.C.[Tomcat].[localhost].[/] - Initializing Spring DispatcherServlet 'dispatcherServlet'
2025-09-06 13:38:34.408 [https-jsse-nio-8443-exec-6] [] [] INFO  o.s.web.servlet.DispatcherServlet - Initializing Servlet 'dispatcherServlet'
2025-09-06 13:38:34.409 [https-jsse-nio-8443-exec-6] [] [] INFO  o.s.web.servlet.DispatcherServlet - Completed initialization in 1 ms
2025-09-06 13:38:34.438 [https-jsse-nio-8443-exec-6] [] [] INFO  c.e.S.s._JWT.config.LoggingFilter - [93cb1ad8] INCOMING_REQUEST -> IP: 0:0:0:0:0:0:0:1, Method: POST, URI: /auth/login, Auth: No auth
2025-09-06 13:38:35.340 [https-jsse-nio-8443-exec-6] [] [] INFO  c.e.S.s._JWT.service.AuthService - User 'artem' authenticated successfully from IP 0:0:0:0:0:0:0:1
2025-09-06 13:38:35.340 [https-jsse-nio-8443-exec-6] [] [] INFO  c.e.S.s._.controller.AuthController - User artem logged in from IP 0:0:0:0:0:0:0:1
2025-09-06 13:38:35.371 [https-jsse-nio-8443-exec-6] [] [] INFO  c.e.S.s._JWT.config.LoggingFilter - [93cb1ad8] SUCCESS -> Status: 200, Duration: 933ms, User: artem, URI: /auth/login
2025-09-06 13:39:07.244 [https-jsse-nio-8443-exec-7] [] [] INFO  c.e.S.s._JWT.config.LoggingFilter - [487dcccf] INCOMING_REQUEST -> IP: 0:0:0:0:0:0:0:1, Method: POST, URI: /auth/refresh, Auth: Bearer token present
2025-09-06 13:39:07.302 [https-jsse-nio-8443-exec-7] [] [] INFO  c.e.S.s._JWT.service.AuthService - Refresh token used to issue new JWT and refresh token for user 'artem'
2025-09-06 13:39:07.305 [https-jsse-nio-8443-exec-7] [] [] INFO  c.e.S.s._JWT.config.LoggingFilter - [487dcccf] SUCCESS -> Status: 200, Duration: 61ms, User: anonymous, URI: /auth/refresh
2025-09-06 13:39:09.200 [https-jsse-nio-8443-exec-8] [] [] INFO  c.e.S.s._JWT.config.LoggingFilter - [fdcf7483] INCOMING_REQUEST -> IP: 0:0:0:0:0:0:0:1, Method: POST, URI: /auth/refresh, Auth: Bearer token present
2025-09-06 13:39:09.212 [https-jsse-nio-8443-exec-8] [] [] INFO  c.e.S.s._JWT.service.AuthService - Refresh token used to issue new JWT and refresh token for user 'artem'
2025-09-06 13:39:09.213 [https-jsse-nio-8443-exec-8] [] [] INFO  c.e.S.s._JWT.config.LoggingFilter - [fdcf7483] SUCCESS -> Status: 200, Duration: 13ms, User: anonymous, URI: /auth/refresh
2025-09-06 13:39:10.259 [https-jsse-nio-8443-exec-9] [] [] INFO  c.e.S.s._JWT.config.LoggingFilter - [8457b8f9] INCOMING_REQUEST -> IP: 0:0:0:0:0:0:0:1, Method: POST, URI: /auth/refresh, Auth: Bearer token present
2025-09-06 13:39:10.270 [https-jsse-nio-8443-exec-9] [] [] INFO  c.e.S.s._JWT.service.AuthService - Refresh token used to issue new JWT and refresh token for user 'artem'
2025-09-06 13:39:10.272 [https-jsse-nio-8443-exec-9] [] [] INFO  c.e.S.s._JWT.config.LoggingFilter - [8457b8f9] SUCCESS -> Status: 200, Duration: 13ms, User: anonymous, URI: /auth/refresh
2025-09-06 13:39:11.411 [https-jsse-nio-8443-exec-10] [] [] INFO  c.e.S.s._JWT.config.LoggingFilter - [7558945a] INCOMING_REQUEST -> IP: 0:0:0:0:0:0:0:1, Method: POST, URI: /auth/refresh, Auth: Bearer token present
2025-09-06 13:39:11.424 [https-jsse-nio-8443-exec-10] [] [] INFO  c.e.S.s._JWT.service.AuthService - Refresh token used to issue new JWT and refresh token for user 'artem'
2025-09-06 13:39:11.426 [https-jsse-nio-8443-exec-10] [] [] INFO  c.e.S.s._JWT.config.LoggingFilter - [7558945a] SUCCESS -> Status: 200, Duration: 15ms, User: anonymous, URI: /auth/refresh
2025-09-06 13:39:17.449 [https-jsse-nio-8443-exec-3] [] [] INFO  c.e.S.s._JWT.config.LoggingFilter - [49c7a1a6] INCOMING_REQUEST -> IP: 0:0:0:0:0:0:0:1, Method: POST, URI: /auth/refresh, Auth: Bearer token present
2025-09-06 13:39:17.461 [https-jsse-nio-8443-exec-3] [] [] INFO  c.e.S.s._JWT.service.AuthService - Refresh token used to issue new JWT and refresh token for user 'artem'
2025-09-06 13:39:17.463 [https-jsse-nio-8443-exec-3] [] [] INFO  c.e.S.s._JWT.config.LoggingFilter - [49c7a1a6] SUCCESS -> Status: 200, Duration: 14ms, User: anonymous, URI: /auth/refresh
2025-09-06 13:39:18.491 [https-jsse-nio-8443-exec-2] [] [] INFO  c.e.S.s._JWT.config.LoggingFilter - [cce10a7c] INCOMING_REQUEST -> IP: 0:0:0:0:0:0:0:1, Method: POST, URI: /auth/refresh, Auth: Bearer token present
2025-09-06 13:39:18.501 [https-jsse-nio-8443-exec-2] [] [] INFO  c.e.S.s._JWT.service.AuthService - Refresh token used to issue new JWT and refresh token for user 'artem'
2025-09-06 13:39:18.503 [https-jsse-nio-8443-exec-2] [] [] INFO  c.e.S.s._JWT.config.LoggingFilter - [cce10a7c] SUCCESS -> Status: 200, Duration: 12ms, User: anonymous, URI: /auth/refresh
2025-09-06 13:39:20.470 [https-jsse-nio-8443-exec-1] [] [] INFO  c.e.S.s._JWT.config.LoggingFilter - [8a19baea] INCOMING_REQUEST -> IP: 0:0:0:0:0:0:0:1, Method: POST, URI: /auth/refresh, Auth: Bearer token present
2025-09-06 13:39:20.481 [https-jsse-nio-8443-exec-1] [] [] INFO  c.e.S.s._JWT.service.AuthService - Refresh token used to issue new JWT and refresh token for user 'artem'
2025-09-06 13:39:20.483 [https-jsse-nio-8443-exec-1] [] [] INFO  c.e.S.s._JWT.config.LoggingFilter - [8a19baea] SUCCESS -> Status: 200, Duration: 13ms, User: anonymous, URI: /auth/refresh
2025-09-06 13:41:20.108 [SpringApplicationShutdownHook] [] [] INFO  o.s.b.w.e.tomcat.GracefulShutdown - Commencing graceful shutdown. Waiting for active requests to complete
2025-09-06 13:41:20.115 [tomcat-shutdown] [] [] INFO  o.s.b.w.e.tomcat.GracefulShutdown - Graceful shutdown complete
2025-09-06 13:41:20.120 [SpringApplicationShutdownHook] [] [] INFO  o.s.o.j.LocalContainerEntityManagerFactoryBean - Closing JPA EntityManagerFactory for persistence unit 'default'
2025-09-06 13:41:20.122 [SpringApplicationShutdownHook] [] [] INFO  com.zaxxer.hikari.HikariDataSource - HikariPool-1 - Shutdown initiated...
2025-09-06 13:41:20.131 [SpringApplicationShutdownHook] [] [] INFO  com.zaxxer.hikari.HikariDataSource - HikariPool-1 - Shutdown completed.
